mode: set
redditclone/pkg/repo/user/repo.go:23.63,25.2 1 1
redditclone/pkg/repo/user/repo.go:29.55,33.2 3 1
redditclone/pkg/repo/user/repo.go:35.83,42.2 1 1
redditclone/pkg/repo/user/repo.go:44.81,55.16 3 1
redditclone/pkg/repo/user/repo.go:55.16,56.27 1 1
redditclone/pkg/repo/user/repo.go:56.27,58.4 1 1
redditclone/pkg/repo/user/repo.go:59.3,59.17 1 1
redditclone/pkg/repo/user/repo.go:62.2,62.84 1 1
redditclone/pkg/repo/user/repo.go:62.84,64.3 1 1
redditclone/pkg/repo/user/repo.go:66.2,66.48 1 1
redditclone/pkg/repo/user/repo.go:69.80,76.16 3 1
redditclone/pkg/repo/user/repo.go:76.16,78.3 1 1
redditclone/pkg/repo/user/repo.go:80.2,80.12 1 1
redditclone/pkg/repo/user/repo.go:80.12,82.3 1 1
redditclone/pkg/repo/user/repo.go:84.2,85.16 2 1
redditclone/pkg/repo/user/repo.go:85.16,87.3 1 1
redditclone/pkg/repo/user/repo.go:89.2,90.16 2 1
redditclone/pkg/repo/user/repo.go:90.16,92.3 1 1
redditclone/pkg/repo/user/repo.go:94.2,103.16 3 1
redditclone/pkg/repo/user/repo.go:103.16,105.3 1 1
redditclone/pkg/repo/user/repo.go:107.2,108.16 2 1
redditclone/pkg/repo/user/repo.go:108.16,110.3 1 1
redditclone/pkg/repo/user/repo.go:112.2,112.25 1 1
redditclone/pkg/repo/user/repo_mock.go:25.61,29.2 3 0
redditclone/pkg/repo/user/repo_mock.go:32.59,34.2 1 0
redditclone/pkg/repo/user/repo_mock.go:37.70,43.2 5 0
redditclone/pkg/repo/user/repo_mock.go:46.85,49.2 2 0
redditclone/pkg/repo/user/repo_mock.go:52.69,58.2 5 0
redditclone/pkg/repo/user/repo_mock.go:61.84,64.2 2 0
redditclone/pkg/repo/user/repo_mock.go:78.57,82.2 3 0
redditclone/pkg/repo/user/repo_mock.go:85.55,87.2 1 0
redditclone/pkg/repo/user/repo_mock.go:90.64,96.2 5 0
redditclone/pkg/repo/user/repo_mock.go:99.79,102.2 2 0
redditclone/pkg/repo/user/repo_mock.go:116.67,120.2 3 0
redditclone/pkg/repo/user/repo_mock.go:123.65,125.2 1 0
redditclone/pkg/repo/user/repo_mock.go:128.56,134.2 5 0
redditclone/pkg/repo/user/repo_mock.go:137.66,140.2 2 0
