mode: set
redditclone/pkg/handlers/post.go:19.75,21.16 2 1
redditclone/pkg/handlers/post.go:21.16,24.3 2 1
redditclone/pkg/handlers/post.go:26.2,28.60 3 1
redditclone/pkg/handlers/post.go:28.60,31.3 2 1
redditclone/pkg/handlers/post.go:34.71,37.9 3 1
redditclone/pkg/handlers/post.go:37.9,40.3 2 1
redditclone/pkg/handlers/post.go:42.2,44.16 3 1
redditclone/pkg/handlers/post.go:44.16,47.3 2 1
redditclone/pkg/handlers/post.go:49.2,50.16 2 1
redditclone/pkg/handlers/post.go:50.16,53.3 2 1
redditclone/pkg/handlers/post.go:55.2,56.55 2 1
redditclone/pkg/handlers/post.go:56.55,59.3 2 1
redditclone/pkg/handlers/post.go:62.81,67.16 4 1
redditclone/pkg/handlers/post.go:67.16,70.3 2 1
redditclone/pkg/handlers/post.go:72.2,72.57 1 1
redditclone/pkg/handlers/post.go:72.57,75.3 2 1
redditclone/pkg/handlers/post.go:78.75,83.16 4 1
redditclone/pkg/handlers/post.go:83.16,86.3 2 1
redditclone/pkg/handlers/post.go:88.2,88.56 1 1
redditclone/pkg/handlers/post.go:88.56,91.3 2 1
redditclone/pkg/handlers/post.go:94.82,99.16 4 1
redditclone/pkg/handlers/post.go:99.16,102.3 2 1
redditclone/pkg/handlers/post.go:104.2,104.57 1 1
redditclone/pkg/handlers/post.go:104.57,107.3 2 1
redditclone/pkg/handlers/post.go:110.74,116.9 5 1
redditclone/pkg/handlers/post.go:116.9,119.3 2 1
redditclone/pkg/handlers/post.go:121.2,126.16 3 1
redditclone/pkg/handlers/post.go:126.16,127.34 1 1
redditclone/pkg/handlers/post.go:127.34,129.4 1 1
redditclone/pkg/handlers/post.go:129.9,131.4 1 1
redditclone/pkg/handlers/post.go:132.3,132.33 1 1
redditclone/pkg/handlers/post.go:135.2,135.28 1 1
redditclone/pkg/handlers/post.go:135.28,138.3 2 1
redditclone/pkg/handlers/post.go:140.2,140.60 1 1
redditclone/pkg/handlers/post.go:140.60,142.3 1 1
redditclone/pkg/handlers/post.go:145.74,151.9 5 1
redditclone/pkg/handlers/post.go:151.9,154.3 2 1
redditclone/pkg/handlers/post.go:156.2,158.16 3 1
redditclone/pkg/handlers/post.go:158.16,161.3 2 1
redditclone/pkg/handlers/post.go:163.2,165.16 2 1
redditclone/pkg/handlers/post.go:165.16,171.61 3 1
redditclone/pkg/handlers/post.go:171.61,173.4 1 1
redditclone/pkg/handlers/post.go:174.3,174.9 1 1
redditclone/pkg/handlers/post.go:177.2,177.56 1 1
redditclone/pkg/handlers/post.go:177.56,179.3 1 1
redditclone/pkg/handlers/post.go:182.77,189.9 6 1
redditclone/pkg/handlers/post.go:189.9,192.3 2 1
redditclone/pkg/handlers/post.go:194.2,199.16 3 1
redditclone/pkg/handlers/post.go:199.16,201.61 2 1
redditclone/pkg/handlers/post.go:201.61,203.4 1 1
redditclone/pkg/handlers/post.go:204.3,204.9 1 1
redditclone/pkg/handlers/post.go:207.2,207.56 1 1
redditclone/pkg/handlers/post.go:207.56,210.3 2 1
redditclone/pkg/handlers/post.go:213.72,220.9 6 1
redditclone/pkg/handlers/post.go:220.9,223.3 2 1
redditclone/pkg/handlers/post.go:225.2,232.18 4 1
redditclone/pkg/handlers/post.go:233.16,234.65 1 1
redditclone/pkg/handlers/post.go:235.18,236.66 1 1
redditclone/pkg/handlers/post.go:237.16,238.65 1 1
redditclone/pkg/handlers/post.go:242.2,242.16 1 1
redditclone/pkg/handlers/post.go:242.16,244.61 2 1
redditclone/pkg/handlers/post.go:244.61,246.4 1 1
redditclone/pkg/handlers/post.go:247.3,247.9 1 1
redditclone/pkg/handlers/post.go:250.2,250.56 1 1
redditclone/pkg/handlers/post.go:250.56,253.3 2 1
redditclone/pkg/handlers/user.go:19.69,26.16 3 1
redditclone/pkg/handlers/user.go:26.16,29.3 2 1
redditclone/pkg/handlers/user.go:31.2,32.16 2 1
redditclone/pkg/handlers/user.go:32.16,33.34 1 1
redditclone/pkg/handlers/user.go:33.34,42.61 4 1
redditclone/pkg/handlers/user.go:42.61,44.5 1 1
redditclone/pkg/handlers/user.go:45.9,47.4 1 1
redditclone/pkg/handlers/user.go:48.3,48.9 1 1
redditclone/pkg/handlers/user.go:51.2,56.60 3 1
redditclone/pkg/handlers/user.go:56.60,59.3 2 1
redditclone/pkg/handlers/user.go:62.72,69.16 3 1
redditclone/pkg/handlers/user.go:69.16,72.3 2 1
redditclone/pkg/handlers/user.go:74.2,75.16 2 1
redditclone/pkg/handlers/user.go:75.16,76.39 1 1
redditclone/pkg/handlers/user.go:76.39,79.4 2 1
redditclone/pkg/handlers/user.go:79.9,81.4 1 1
redditclone/pkg/handlers/user.go:82.3,82.9 1 1
redditclone/pkg/handlers/user.go:85.2,91.60 3 1
redditclone/pkg/handlers/user.go:91.60,94.3 2 1
