mode: set
redditclone/pkg/repo/post/repo.go:32.67,36.2 1 1
redditclone/pkg/repo/post/repo.go:38.101,41.24 2 1
redditclone/pkg/repo/post/repo.go:42.21,43.20 1 1
redditclone/pkg/repo/post/repo.go:44.25,45.46 1 1
redditclone/pkg/repo/post/repo.go:46.23,47.53 1 1
redditclone/pkg/repo/post/repo.go:48.10,49.36 1 1
redditclone/pkg/repo/post/repo.go:53.2,56.16 3 1
redditclone/pkg/repo/post/repo.go:56.16,58.3 1 1
redditclone/pkg/repo/post/repo.go:59.2,62.65 3 1
redditclone/pkg/repo/post/repo.go:62.65,64.3 1 1
redditclone/pkg/repo/post/repo.go:66.2,66.19 1 1
redditclone/pkg/repo/post/repo.go:69.65,71.2 1 1
redditclone/pkg/repo/post/repo.go:73.73,75.16 2 1
redditclone/pkg/repo/post/repo.go:75.16,77.3 1 1
redditclone/pkg/repo/post/repo.go:79.2,81.16 3 1
redditclone/pkg/repo/post/repo.go:81.16,82.43 1 1
redditclone/pkg/repo/post/repo.go:82.43,84.4 1 1
redditclone/pkg/repo/post/repo.go:85.3,85.26 1 1
redditclone/pkg/repo/post/repo.go:87.2,87.15 1 1
redditclone/pkg/repo/post/repo.go:90.111,116.16 3 1
redditclone/pkg/repo/post/repo.go:116.16,118.3 1 1
redditclone/pkg/repo/post/repo.go:120.2,120.15 1 1
redditclone/pkg/repo/post/repo.go:123.87,126.2 2 1
redditclone/pkg/repo/post/repo.go:128.92,131.2 2 1
redditclone/pkg/repo/post/repo.go:133.88,135.16 2 1
redditclone/pkg/repo/post/repo.go:135.16,137.3 1 1
redditclone/pkg/repo/post/repo.go:139.2,141.16 3 1
redditclone/pkg/repo/post/repo.go:141.16,142.43 1 1
redditclone/pkg/repo/post/repo.go:142.43,144.4 1 1
redditclone/pkg/repo/post/repo.go:145.3,145.13 1 1
redditclone/pkg/repo/post/repo.go:148.2,148.35 1 1
redditclone/pkg/repo/post/repo.go:148.35,150.3 1 1
redditclone/pkg/repo/post/repo.go:152.2,153.16 2 1
redditclone/pkg/repo/post/repo.go:153.16,155.3 1 1
redditclone/pkg/repo/post/repo.go:157.2,157.12 1 1
redditclone/pkg/repo/post/repo.go:160.118,162.16 2 1
redditclone/pkg/repo/post/repo.go:162.16,164.3 1 1
redditclone/pkg/repo/post/repo.go:166.2,187.16 5 1
redditclone/pkg/repo/post/repo.go:187.16,188.43 1 1
redditclone/pkg/repo/post/repo.go:188.43,190.4 1 1
redditclone/pkg/repo/post/repo.go:191.3,191.26 1 1
redditclone/pkg/repo/post/repo.go:194.2,194.25 1 1
redditclone/pkg/repo/post/repo.go:197.104,199.16 2 1
redditclone/pkg/repo/post/repo.go:199.16,201.3 1 1
redditclone/pkg/repo/post/repo.go:203.2,204.16 2 1
redditclone/pkg/repo/post/repo.go:204.16,206.3 1 1
redditclone/pkg/repo/post/repo.go:208.2,210.16 3 1
redditclone/pkg/repo/post/repo.go:210.16,211.43 1 1
redditclone/pkg/repo/post/repo.go:211.43,213.4 1 1
redditclone/pkg/repo/post/repo.go:214.3,214.26 1 1
redditclone/pkg/repo/post/repo.go:217.2,218.37 2 1
redditclone/pkg/repo/post/repo.go:218.37,219.33 1 1
redditclone/pkg/repo/post/repo.go:219.33,220.12 1 1
redditclone/pkg/repo/post/repo.go:223.3,223.42 1 1
redditclone/pkg/repo/post/repo.go:223.42,225.4 1 1
redditclone/pkg/repo/post/repo.go:226.3,227.8 2 1
redditclone/pkg/repo/post/repo.go:231.2,231.19 1 1
redditclone/pkg/repo/post/repo.go:231.19,233.3 1 1
redditclone/pkg/repo/post/repo.go:235.2,249.16 4 1
redditclone/pkg/repo/post/repo.go:249.16,251.3 1 1
redditclone/pkg/repo/post/repo.go:253.2,253.25 1 1
redditclone/pkg/repo/post/repo.go:256.105,258.16 2 1
redditclone/pkg/repo/post/repo.go:258.16,260.3 1 1
redditclone/pkg/repo/post/repo.go:262.2,266.16 4 1
redditclone/pkg/repo/post/repo.go:266.16,267.43 1 1
redditclone/pkg/repo/post/repo.go:267.43,269.4 1 1
redditclone/pkg/repo/post/repo.go:270.3,270.26 1 1
redditclone/pkg/repo/post/repo.go:273.2,274.28 2 1
redditclone/pkg/repo/post/repo.go:274.28,275.23 1 1
redditclone/pkg/repo/post/repo.go:275.23,277.9 2 1
redditclone/pkg/repo/post/repo.go:281.2,284.9 3 1
redditclone/pkg/repo/post/repo.go:285.61,286.16 1 1
redditclone/pkg/repo/post/repo.go:288.27,293.53 2 1
redditclone/pkg/repo/post/repo.go:295.38,300.53 2 1
redditclone/pkg/repo/post/repo.go:302.42,303.43 1 1
redditclone/pkg/repo/post/repo.go:305.10,314.59 4 1
redditclone/pkg/repo/post/repo.go:317.2,317.16 1 1
redditclone/pkg/repo/post/repo.go:317.16,319.3 1 1
redditclone/pkg/repo/post/repo.go:321.2,322.16 2 1
redditclone/pkg/repo/post/repo.go:322.16,324.3 1 1
redditclone/pkg/repo/post/repo.go:326.2,334.16 3 1
redditclone/pkg/repo/post/repo.go:334.16,336.3 1 1
redditclone/pkg/repo/post/repo.go:338.2,339.16 2 1
redditclone/pkg/repo/post/repo.go:339.16,341.3 1 1
redditclone/pkg/repo/post/repo.go:343.2,343.15 1 1
redditclone/pkg/repo/post/repo.go:346.55,348.16 2 1
redditclone/pkg/repo/post/repo.go:348.16,350.3 1 1
redditclone/pkg/repo/post/repo.go:352.2,353.26 2 1
redditclone/pkg/repo/post/repo.go:353.26,354.28 1 1
redditclone/pkg/repo/post/repo.go:354.28,356.4 1 1
redditclone/pkg/repo/post/repo.go:359.2,359.30 1 1
redditclone/pkg/repo/post/repo_mock.go:26.61,30.2 3 0
redditclone/pkg/repo/post/repo_mock.go:33.59,35.2 1 0
redditclone/pkg/repo/post/repo_mock.go:38.93,44.2 5 0
redditclone/pkg/repo/post/repo_mock.go:47.91,50.2 2 0
redditclone/pkg/repo/post/repo_mock.go:53.93,59.2 5 0
redditclone/pkg/repo/post/repo_mock.go:62.105,65.2 2 0
redditclone/pkg/repo/post/repo_mock.go:68.93,74.2 5 0
redditclone/pkg/repo/post/repo_mock.go:77.105,80.2 2 0
redditclone/pkg/repo/post/repo_mock.go:83.70,88.2 4 0
redditclone/pkg/repo/post/repo_mock.go:91.95,94.2 2 0
redditclone/pkg/repo/post/repo_mock.go:97.54,103.2 5 0
redditclone/pkg/repo/post/repo_mock.go:106.59,109.2 2 0
redditclone/pkg/repo/post/repo_mock.go:112.76,118.2 5 0
redditclone/pkg/repo/post/repo_mock.go:121.86,124.2 2 0
redditclone/pkg/repo/post/repo_mock.go:127.62,133.2 5 0
redditclone/pkg/repo/post/repo_mock.go:136.74,139.2 2 0
redditclone/pkg/repo/post/repo_mock.go:142.81,148.2 5 0
redditclone/pkg/repo/post/repo_mock.go:151.91,154.2 2 0
redditclone/pkg/repo/post/repo_mock.go:157.94,163.2 5 0
redditclone/pkg/repo/post/repo_mock.go:166.102,169.2 2 0
